<?xml version="1.0" encoding="UTF-8"?>
<!-- Generated by org.testng.reporters.JUnitReportReporter -->
<testsuite ignored="0" hostname="Diksha-PC" failures="0" tests="3" name="com.test.testcases.UITest" time="147.481" errors="0" timestamp="02 Oct 2023 18:10:52 GMT" skipped="0">
  <testcase classname="com.test.testcases.UITest" name="KSATest" time="33.319"/>
  <testcase classname="com.test.testcases.UITest" name="KuwaitTest" time="36.147"/>
  <testcase classname="com.test.testcases.UITest" name="BahrainTest" time="78.015"/>
</testsuite> <!-- com.test.testcases.UITest -->
