<?xml version="1.0" encoding="UTF-8"?>
<!-- Generated by org.testng.reporters.JUnitReportReporter -->
<testsuite name="com.test.testcases.APITest" tests="3" time="8.381" ignored="0" failures="0" timestamp="25 Sep 2023 08:21:29 GMT" skipped="0" hostname="NU-nsharma" errors="0">
  <testcase name="createBooking" time="3.144" classname="com.test.testcases.APITest"/>
  <testcase name="updateBooking" time="2.594" classname="com.test.testcases.APITest"/>
  <testcase name="deleteBooking" time="2.643" classname="com.test.testcases.APITest"/>
</testsuite> <!-- com.test.testcases.APITest -->
