<?xml version="1.0" encoding="UTF-8"?>
<!-- Generated by org.testng.reporters.JUnitReportReporter -->
<testsuite name="com.test.testcases.UITest" tests="1" time="1.209" ignored="0" failures="0" timestamp="26 Sep 2023 04:42:30 GMT" skipped="0" hostname="NU-nsharma" errors="0">
  <testcase name="SearchAmazon" time="1.209" classname="com.test.testcases.UITest"/>
</testsuite> <!-- com.test.testcases.UITest -->
